Running PDGEMR2D on the following problem:
=============================
      GLOBAL MAT. SIZES
=============================
A = 100000 x 100000
C = 100000 x 100000
=============================
        SUBMATRICES
=============================
(ia, ja) = (1, 1)
(ic, jc) = (1, 1)
=============================
      SUBMATRIX SIZES
=============================
m = 100000
n = 100000
=============================
         PROC GRID
=============================
grid_a = 16 x 16
grid_c = 16 x 16
grid order_a = R
grid order_c = R
=============================
         PROC SRCS
=============================
P_SRC(A) = (0, 0)
P_SRC(C) = (0, 0)
=============================
          BLOCK SIZES
=============================
Blocks(A) = (32, 32)
Blocks(C) = (128, 128)
=============================
          LEADING DIMS
=============================
lld_a = 6272
lld_c = 6272
=============================

SCALAPACK TIMES [ms] = 3206 2246 2219 
Running PDGEMR2D on the following problem:
=============================
      GLOBAL MAT. SIZES
=============================
A = 120000 x 120000
C = 120000 x 120000
=============================
        SUBMATRICES
=============================
(ia, ja) = (1, 1)
(ic, jc) = (1, 1)
=============================
      SUBMATRIX SIZES
=============================
m = 120000
n = 120000
=============================
         PROC GRID
=============================
grid_a = 16 x 16
grid_c = 16 x 16
grid order_a = R
grid order_c = R
=============================
         PROC SRCS
=============================
P_SRC(A) = (0, 0)
P_SRC(C) = (0, 0)
=============================
          BLOCK SIZES
=============================
Blocks(A) = (32, 32)
Blocks(C) = (128, 128)
=============================
          LEADING DIMS
=============================
lld_a = 7520
lld_c = 7552
=============================

SCALAPACK TIMES [ms] = 4537 3234 3224 
Running PDGEMR2D on the following problem:
=============================
      GLOBAL MAT. SIZES
=============================
A = 140000 x 140000
C = 140000 x 140000
=============================
        SUBMATRICES
=============================
(ia, ja) = (1, 1)
(ic, jc) = (1, 1)
=============================
      SUBMATRIX SIZES
=============================
m = 140000
n = 140000
=============================
         PROC GRID
=============================
grid_a = 16 x 16
grid_c = 16 x 16
grid order_a = R
grid order_c = R
=============================
         PROC SRCS
=============================
P_SRC(A) = (0, 0)
P_SRC(C) = (0, 0)
=============================
          BLOCK SIZES
=============================
Blocks(A) = (32, 32)
Blocks(C) = (128, 128)
=============================
          LEADING DIMS
=============================
lld_a = 8768
lld_c = 8832
=============================

SCALAPACK TIMES [ms] = 6869 5299 5286 
Running PDGEMR2D on the following problem:
=============================
      GLOBAL MAT. SIZES
=============================
A = 160000 x 160000
C = 160000 x 160000
=============================
        SUBMATRICES
=============================
(ia, ja) = (1, 1)
(ic, jc) = (1, 1)
=============================
      SUBMATRIX SIZES
=============================
m = 160000
n = 160000
=============================
         PROC GRID
=============================
grid_a = 16 x 16
grid_c = 16 x 16
grid order_a = R
grid order_c = R
=============================
         PROC SRCS
=============================
P_SRC(A) = (0, 0)
P_SRC(C) = (0, 0)
=============================
          BLOCK SIZES
=============================
Blocks(A) = (32, 32)
Blocks(C) = (128, 128)
=============================
          LEADING DIMS
=============================
lld_a = 10016
lld_c = 10112
=============================

SCALAPACK TIMES [ms] = 9272 6916 6902 
Running PDGEMR2D on the following problem:
=============================
      GLOBAL MAT. SIZES
=============================
A = 180000 x 180000
C = 180000 x 180000
=============================
        SUBMATRICES
=============================
(ia, ja) = (1, 1)
(ic, jc) = (1, 1)
=============================
      SUBMATRIX SIZES
=============================
m = 180000
n = 180000
=============================
         PROC GRID
=============================
grid_a = 16 x 16
grid_c = 16 x 16
grid order_a = R
grid order_c = R
=============================
         PROC SRCS
=============================
P_SRC(A) = (0, 0)
P_SRC(C) = (0, 0)
=============================
          BLOCK SIZES
=============================
Blocks(A) = (32, 32)
Blocks(C) = (128, 128)
=============================
          LEADING DIMS
=============================
lld_a = 11264
lld_c = 11264
=============================

SCALAPACK TIMES [ms] = 11044 9156 9144 
Running PDGEMR2D on the following problem:
=============================
      GLOBAL MAT. SIZES
=============================
A = 200000 x 200000
C = 200000 x 200000
=============================
        SUBMATRICES
=============================
(ia, ja) = (1, 1)
(ic, jc) = (1, 1)
=============================
      SUBMATRIX SIZES
=============================
m = 200000
n = 200000
=============================
         PROC GRID
=============================
grid_a = 16 x 16
grid_c = 16 x 16
grid order_a = R
grid order_c = R
=============================
         PROC SRCS
=============================
P_SRC(A) = (0, 0)
P_SRC(C) = (0, 0)
=============================
          BLOCK SIZES
=============================
Blocks(A) = (32, 32)
Blocks(C) = (128, 128)
=============================
          LEADING DIMS
=============================
lld_a = 12512
lld_c = 12544
=============================

SCALAPACK TIMES [ms] = 14538 11881 11641 
