Running PDGEMR2D on the following problem:
=============================
      GLOBAL MAT. SIZES
=============================
A = 100000 x 100000
C = 100000 x 100000
=============================
        SUBMATRICES
=============================
(ia, ja) = (1, 1)
(ic, jc) = (1, 1)
=============================
      SUBMATRIX SIZES
=============================
m = 100000
n = 100000
=============================
         PROC GRID
=============================
grid_a = 16 x 16
grid_c = 16 x 16
grid order_a = R
grid order_c = R
=============================
         PROC SRCS
=============================
P_SRC(A) = (0, 0)
P_SRC(C) = (0, 0)
=============================
          BLOCK SIZES
=============================
Blocks(A) = (32, 32)
Blocks(C) = (128, 128)
=============================
          LEADING DIMS
=============================
lld_a = 6272
lld_c = 6272
=============================

COSTA TIMES [ms] = 791 736 693 
SCALAPACK TIMES [ms] = 2466 2437 2437 
Running PDGEMR2D on the following problem:
=============================
      GLOBAL MAT. SIZES
=============================
A = 120000 x 120000
C = 120000 x 120000
=============================
        SUBMATRICES
=============================
(ia, ja) = (1, 1)
(ic, jc) = (1, 1)
=============================
      SUBMATRIX SIZES
=============================
m = 120000
n = 120000
=============================
         PROC GRID
=============================
grid_a = 16 x 16
grid_c = 16 x 16
grid order_a = R
grid order_c = R
=============================
         PROC SRCS
=============================
P_SRC(A) = (0, 0)
P_SRC(C) = (0, 0)
=============================
          BLOCK SIZES
=============================
Blocks(A) = (32, 32)
Blocks(C) = (128, 128)
=============================
          LEADING DIMS
=============================
lld_a = 7520
lld_c = 7552
=============================

COSTA TIMES [ms] = 1116 1110 907 
SCALAPACK TIMES [ms] = 3615 3566 3556 
Running PDGEMR2D on the following problem:
=============================
      GLOBAL MAT. SIZES
=============================
A = 140000 x 140000
C = 140000 x 140000
=============================
        SUBMATRICES
=============================
(ia, ja) = (1, 1)
(ic, jc) = (1, 1)
=============================
      SUBMATRIX SIZES
=============================
m = 140000
n = 140000
=============================
         PROC GRID
=============================
grid_a = 16 x 16
grid_c = 16 x 16
grid order_a = R
grid order_c = R
=============================
         PROC SRCS
=============================
P_SRC(A) = (0, 0)
P_SRC(C) = (0, 0)
=============================
          BLOCK SIZES
=============================
Blocks(A) = (32, 32)
Blocks(C) = (128, 128)
=============================
          LEADING DIMS
=============================
lld_a = 8768
lld_c = 8832
=============================

COSTA TIMES [ms] = 1524 1470 1394 
SCALAPACK TIMES [ms] = 5236 5228 5142 
Running PDGEMR2D on the following problem:
=============================
      GLOBAL MAT. SIZES
=============================
A = 160000 x 160000
C = 160000 x 160000
=============================
        SUBMATRICES
=============================
(ia, ja) = (1, 1)
(ic, jc) = (1, 1)
=============================
      SUBMATRIX SIZES
=============================
m = 160000
n = 160000
=============================
         PROC GRID
=============================
grid_a = 16 x 16
grid_c = 16 x 16
grid order_a = R
grid order_c = R
=============================
         PROC SRCS
=============================
P_SRC(A) = (0, 0)
P_SRC(C) = (0, 0)
=============================
          BLOCK SIZES
=============================
Blocks(A) = (32, 32)
Blocks(C) = (128, 128)
=============================
          LEADING DIMS
=============================
lld_a = 10016
lld_c = 10112
=============================

COSTA TIMES [ms] = 1991 1961 1810 
SCALAPACK TIMES [ms] = 6870 6746 6722 
Running PDGEMR2D on the following problem:
=============================
      GLOBAL MAT. SIZES
=============================
A = 180000 x 180000
C = 180000 x 180000
=============================
        SUBMATRICES
=============================
(ia, ja) = (1, 1)
(ic, jc) = (1, 1)
=============================
      SUBMATRIX SIZES
=============================
m = 180000
n = 180000
=============================
         PROC GRID
=============================
grid_a = 16 x 16
grid_c = 16 x 16
grid order_a = R
grid order_c = R
=============================
         PROC SRCS
=============================
P_SRC(A) = (0, 0)
P_SRC(C) = (0, 0)
=============================
          BLOCK SIZES
=============================
Blocks(A) = (32, 32)
Blocks(C) = (128, 128)
=============================
          LEADING DIMS
=============================
lld_a = 11264
lld_c = 11264
=============================

COSTA TIMES [ms] = 2456 2439 2034 
SCALAPACK TIMES [ms] = 9013 8977 8974 
Running PDGEMR2D on the following problem:
=============================
      GLOBAL MAT. SIZES
=============================
A = 200000 x 200000
C = 200000 x 200000
=============================
        SUBMATRICES
=============================
(ia, ja) = (1, 1)
(ic, jc) = (1, 1)
=============================
      SUBMATRIX SIZES
=============================
m = 200000
n = 200000
=============================
         PROC GRID
=============================
grid_a = 16 x 16
grid_c = 16 x 16
grid order_a = R
grid order_c = R
=============================
         PROC SRCS
=============================
P_SRC(A) = (0, 0)
P_SRC(C) = (0, 0)
=============================
          BLOCK SIZES
=============================
Blocks(A) = (32, 32)
Blocks(C) = (128, 128)
=============================
          LEADING DIMS
=============================
lld_a = 12512
lld_c = 12544
=============================

COSTA TIMES [ms] = 3015 2880 2541 
SCALAPACK TIMES [ms] = 11467 11430 11372 
